
/home/runner/work/exp-predator-prey-dynamics-au/exp-predator-prey-dynamics-au/experiment/simulation/js/chart.js
  2:7  warning  'Chart' is assigned a value but never used  no-unused-vars

/home/runner/work/exp-predator-prey-dynamics-au/exp-predator-prey-dynamics-au/experiment/simulation/js/common.js
   3:10   warning  'dl' is defined but never used           no-unused-vars
   4:10   warning  'downloadPNG' is defined but never used  no-unused-vars
   6:10   warning  'setLegend' is defined but never used    no-unused-vars
   7:10   warning  'saveRun' is defined but never used      no-unused-vars
   8:10   warning  'loadRun' is defined but never used      no-unused-vars
   8:291  warning  'sync' is not defined                    no-undef
  11:10   warning  'renderField' is defined but never used  no-unused-vars
  18:10   warning  'toggleFS' is defined but never used     no-unused-vars

/home/runner/work/exp-predator-prey-dynamics-au/exp-predator-prey-dynamics-au/experiment/simulation/js/main.js
  20:12   warning  'Chart' is not defined                   no-undef
  22:19   warning  'Chart' is not defined                   no-undef
  22:152  warning  'setLegend' is not defined               no-undef
  23:23   warning  'Chart' is not defined                   no-undef
  23:154  warning  'setLegend' is not defined               no-undef
  24:23   warning  'Chart' is not defined                   no-undef
  24:158  warning  'setLegend' is not defined               no-undef
  25:8    warning  'Chart' is not defined                   no-undef
  25:214  warning  'setLegend' is not defined               no-undef
  30:3    warning  'renderField' is not defined             no-undef
  33:96   warning  'toast' is not defined                   no-undef
  34:10   warning  'play' is defined but never used         no-unused-vars
  36:10   warning  'step' is defined but never used         no-unused-vars
  39:10   warning  'resetSim' is defined but never used     no-unused-vars
  39:206  warning  'Chart' is not defined                   no-undef
  39:325  warning  'renderField' is not defined             no-undef
  39:349  warning  'toast' is not defined                   no-undef
  40:10   warning  'downloadCSV' is defined but never used  no-unused-vars
  40:33   warning  'toast' is not defined                   no-undef
  40:161  warning  'dl' is not defined                      no-undef
  40:205  warning  'toast' is not defined                   no-undef

✖ 30 problems (0 errors, 30 warnings)

